[2020-06-04 16:59:28,747] WARNING: From D:\python projects\search_rank\tensorflow-LTR-master\src\model.py:30: The name tf.placeholder is deprecated. Please use tf.compat.v1.placeholder instead.

[2020-06-04 16:59:28,754] WARNING: From D:\python projects\search_rank\tensorflow-LTR-master\src\model.py:38: The name tf.train.exponential_decay is deprecated. Please use tf.compat.v1.train.exponential_decay instead.

[2020-06-04 16:59:28,759] WARNING: From D:\python projects\search_rank\tensorflow-LTR-master\src\tf_common\nn_module.py:288: The name tf.variable_scope is deprecated. Please use tf.compat.v1.variable_scope instead.

[2020-06-04 16:59:28,760] WARNING: From C:\Users\Admin\anaconda3\envs\python36\lib\site-packages\tensorflow\python\ops\init_ops.py:1251: calling VarianceScaling.__init__ (from tensorflow.python.ops.init_ops) with dtype is deprecated and will be removed in a future version.
Instructions for updating:
Call initializer instance with the dtype argument instead of passing it to the constructor
[2020-06-04 16:59:28,761] WARNING: From D:\python projects\search_rank\tensorflow-LTR-master\src\tf_common\nn_module.py:291: dense (from tensorflow.python.layers.core) is deprecated and will be removed in a future version.
Instructions for updating:
Use keras.layers.dense instead.
[2020-06-04 16:59:28,854] WARNING: Entity <bound method Dense.call of <tensorflow.python.layers.core.Dense object at 0x000001FB9235B4E0>> could not be transformed and will be executed as-is. Please report this to the AutgoGraph team. When filing the bug, set the verbosity to 10 (on Linux, `export AUTOGRAPH_VERBOSITY=10`) and attach the full output. Cause: converting <bound method Dense.call of <tensorflow.python.layers.core.Dense object at 0x000001FB9235B4E0>>: AssertionError: Bad argument number for Name: 3, expecting 4
[2020-06-04 16:59:28,938] WARNING: Entity <bound method Dense.call of <tensorflow.python.layers.core.Dense object at 0x000001FB9235B4E0>> could not be transformed and will be executed as-is. Please report this to the AutgoGraph team. When filing the bug, set the verbosity to 10 (on Linux, `export AUTOGRAPH_VERBOSITY=10`) and attach the full output. Cause: converting <bound method Dense.call of <tensorflow.python.layers.core.Dense object at 0x000001FB9235B4E0>>: AssertionError: Bad argument number for Name: 3, expecting 4
[2020-06-04 16:59:29,066] WARNING: Entity <bound method Dense.call of <tensorflow.python.layers.core.Dense object at 0x000001FB923744E0>> could not be transformed and will be executed as-is. Please report this to the AutgoGraph team. When filing the bug, set the verbosity to 10 (on Linux, `export AUTOGRAPH_VERBOSITY=10`) and attach the full output. Cause: converting <bound method Dense.call of <tensorflow.python.layers.core.Dense object at 0x000001FB923744E0>>: AssertionError: Bad argument number for Name: 3, expecting 4
[2020-06-04 16:59:29,155] WARNING: Entity <bound method Dense.call of <tensorflow.python.layers.core.Dense object at 0x000001FB9228AA58>> could not be transformed and will be executed as-is. Please report this to the AutgoGraph team. When filing the bug, set the verbosity to 10 (on Linux, `export AUTOGRAPH_VERBOSITY=10`) and attach the full output. Cause: converting <bound method Dense.call of <tensorflow.python.layers.core.Dense object at 0x000001FB9228AA58>>: AssertionError: Bad argument number for Name: 3, expecting 4
[2020-06-04 16:59:29,168] WARNING: From C:\Users\Admin\anaconda3\envs\python36\lib\site-packages\tensorflow\python\ops\nn_impl.py:180: add_dispatch_support.<locals>.wrapper (from tensorflow.python.ops.array_ops) is deprecated and will be removed in a future version.
Instructions for updating:
Use tf.where in 2.0, which has the same broadcast rule as np.where
[2020-06-04 16:59:29,181] WARNING: From D:\python projects\search_rank\tensorflow-LTR-master\src\model.py:356: The name tf.diag is deprecated. Please use tf.linalg.tensor_diag instead.

[2020-06-04 16:59:29,196] WARNING: From D:\python projects\search_rank\tensorflow-LTR-master\src\model.py:364: The name tf.trainable_variables is deprecated. Please use tf.compat.v1.trainable_variables instead.

[2020-06-04 16:59:29,552] WARNING: From D:\python projects\search_rank\tensorflow-LTR-master\src\model.py:373: The name tf.train.AdamOptimizer is deprecated. Please use tf.compat.v1.train.AdamOptimizer instead.

[2020-06-04 16:59:29,552] WARNING: From D:\python projects\search_rank\tensorflow-LTR-master\src\model.py:376: The name tf.get_collection is deprecated. Please use tf.compat.v1.get_collection instead.

[2020-06-04 16:59:29,690] WARNING: From D:\python projects\search_rank\tensorflow-LTR-master\src\model.py:136: The name tf.train.Saver is deprecated. Please use tf.compat.v1.train.Saver instead.

[2020-06-04 16:59:29,714] INFO: fit on 902792 sample
